
*** Running vivado
    with args -log Digital_Clock.vds -m64 -product Vivado -mode batch -messageDb vivado.pb -notrace -source Digital_Clock.tcl


ECHO is off.
ECHO is off.

****** Vivado v2023.2 (64-bit)
  **** SW Build 4029153 on Fri Oct 13 20:14:34 MDT 2023
  **** IP Build 4028589 on Sat Oct 14 00:45:43 MDT 2023
  **** SharedData Build 4025554 on Tue Oct 10 17:18:54 MDT 2023
    ** Copyright 1986-2022 Xilinx, Inc. All Rights Reserved.
    ** Copyright 2022-2023 Advanced Micro Devices, Inc. All Rights Reserved.

source Digital_Clock.tcl -notrace
create_project: Time (s): cpu = 00:00:06 ; elapsed = 00:00:11 . Memory (MB): peak = 472.148 ; gain = 180.129
Command: read_checkpoint -auto_incremental -incremental C:/ECE/ECE3300L/Digital_Clock/Digital_Clock.srcs/utils_1/imports/synth_1/Digital_Clock.dcp
INFO: [Vivado 12-5825] Read reference checkpoint from C:/ECE/ECE3300L/Digital_Clock/Digital_Clock.srcs/utils_1/imports/synth_1/Digital_Clock.dcp for incremental synthesis
INFO: [Vivado 12-7989] Please ensure there are no constraint changes
Command: synth_design -top Digital_Clock -part xc7a100tcsg324-1
Starting synth_design
Attempting to get a license for feature 'Synthesis' and/or device 'xc7a100t'
INFO: [Common 17-349] Got license for feature 'Synthesis' and/or device 'xc7a100t'
INFO: [Device 21-403] Loading part xc7a100tcsg324-1
INFO: [Designutils 20-5440] No compile time benefit to using incremental synthesis; A full resynthesis will be run
INFO: [Designutils 20-4379] Flow is switching to default flow due to incremental criteria not met. If you would like to alter this behaviour and have the flow terminate instead, please set the following parameter config_implementation {autoIncr.Synth.RejectBehavior Terminate}
INFO: [Synth 8-7079] Multithreading enabled for synth_design using a maximum of 2 processes.
INFO: [Synth 8-7078] Launching helper process for spawning children vivado processes
INFO: [Synth 8-7075] Helper process launched with PID 35280
---------------------------------------------------------------------------------
Starting RTL Elaboration : Time (s): cpu = 00:00:07 ; elapsed = 00:00:10 . Memory (MB): peak = 1326.992 ; gain = 440.785
---------------------------------------------------------------------------------
INFO: [Synth 8-6157] synthesizing module 'Digital_Clock' [C:/ECE/ECE3300L/Digital_Clock/Digital_Clock.srcs/sources_1/new/Digital_Clock.v:3]
INFO: [Synth 8-6157] synthesizing module 'ClkGen400Hz' [C:/ECE/ECE3300L/POV/POV.srcs/sources_1/new/ClkGen400Hz.v:3]
INFO: [Synth 8-6155] done synthesizing module 'ClkGen400Hz' (0#1) [C:/ECE/ECE3300L/POV/POV.srcs/sources_1/new/ClkGen400Hz.v:3]
INFO: [Synth 8-6157] synthesizing module 'ClkGen1Hz' [C:/ECE/ECE3300L/Digital_Clock/Digital_Clock.srcs/sources_1/new/ClkGen1Hz.v:3]
INFO: [Synth 8-6155] done synthesizing module 'ClkGen1Hz' (0#1) [C:/ECE/ECE3300L/Digital_Clock/Digital_Clock.srcs/sources_1/new/ClkGen1Hz.v:3]
INFO: [Synth 8-6157] synthesizing module 'Counter2bit' [C:/ECE/ECE3300L/POV/POV.srcs/sources_1/new/Counter2bit.v:3]
INFO: [Synth 8-6155] done synthesizing module 'Counter2bit' (0#1) [C:/ECE/ECE3300L/POV/POV.srcs/sources_1/new/Counter2bit.v:3]
INFO: [Synth 8-6157] synthesizing module 'Decoder2to4' [C:/ECE/ECE3300L/POV/POV.srcs/sources_1/new/Decoder2to4.v:3]
INFO: [Synth 8-6155] done synthesizing module 'Decoder2to4' (0#1) [C:/ECE/ECE3300L/POV/POV.srcs/sources_1/new/Decoder2to4.v:3]
INFO: [Synth 8-6157] synthesizing module 'Minutes_Seconds_Counter' [C:/ECE/ECE3300L/Digital_Clock/Digital_Clock.srcs/sources_1/new/Minutes_Seconds_Counter.v:3]
INFO: [Synth 8-6155] done synthesizing module 'Minutes_Seconds_Counter' (0#1) [C:/ECE/ECE3300L/Digital_Clock/Digital_Clock.srcs/sources_1/new/Minutes_Seconds_Counter.v:3]
INFO: [Synth 8-6157] synthesizing module 'Digit_Separator' [C:/ECE/ECE3300L/Digital_Clock/Digital_Clock.srcs/sources_1/new/Digit_Separator.v:3]
INFO: [Synth 8-6155] done synthesizing module 'Digit_Separator' (0#1) [C:/ECE/ECE3300L/Digital_Clock/Digital_Clock.srcs/sources_1/new/Digit_Separator.v:3]
WARNING: [Synth 8-689] width (5) of port connection 'Ones' does not match port width (4) of module 'Digit_Separator' [C:/ECE/ECE3300L/Digital_Clock/Digital_Clock.srcs/sources_1/new/Digital_Clock.v:51]
WARNING: [Synth 8-689] width (5) of port connection 'Tens' does not match port width (4) of module 'Digit_Separator' [C:/ECE/ECE3300L/Digital_Clock/Digital_Clock.srcs/sources_1/new/Digital_Clock.v:52]
WARNING: [Synth 8-689] width (5) of port connection 'Hundreds' does not match port width (4) of module 'Digit_Separator' [C:/ECE/ECE3300L/Digital_Clock/Digital_Clock.srcs/sources_1/new/Digital_Clock.v:53]
WARNING: [Synth 8-689] width (5) of port connection 'Thousands' does not match port width (4) of module 'Digit_Separator' [C:/ECE/ECE3300L/Digital_Clock/Digital_Clock.srcs/sources_1/new/Digital_Clock.v:54]
INFO: [Synth 8-6157] synthesizing module 'BCD_to_sseg_Decoder' [C:/ECE/ECE3300L/Digital_Clock/Digital_Clock.srcs/sources_1/new/Binary_to_2_sseg_decoder.v:3]
INFO: [Synth 8-6155] done synthesizing module 'BCD_to_sseg_Decoder' (0#1) [C:/ECE/ECE3300L/Digital_Clock/Digital_Clock.srcs/sources_1/new/Binary_to_2_sseg_decoder.v:3]
WARNING: [Synth 8-689] width (5) of port connection 'BCD' does not match port width (4) of module 'BCD_to_sseg_Decoder' [C:/ECE/ECE3300L/Digital_Clock/Digital_Clock.srcs/sources_1/new/Digital_Clock.v:57]
WARNING: [Synth 8-689] width (5) of port connection 'BCD' does not match port width (4) of module 'BCD_to_sseg_Decoder' [C:/ECE/ECE3300L/Digital_Clock/Digital_Clock.srcs/sources_1/new/Digital_Clock.v:58]
WARNING: [Synth 8-689] width (5) of port connection 'BCD' does not match port width (4) of module 'BCD_to_sseg_Decoder' [C:/ECE/ECE3300L/Digital_Clock/Digital_Clock.srcs/sources_1/new/Digital_Clock.v:59]
WARNING: [Synth 8-689] width (5) of port connection 'BCD' does not match port width (4) of module 'BCD_to_sseg_Decoder' [C:/ECE/ECE3300L/Digital_Clock/Digital_Clock.srcs/sources_1/new/Digital_Clock.v:60]
INFO: [Synth 8-6157] synthesizing module 'mux4to1' [C:/ECE/ECE3300L/POV/POV.srcs/sources_1/new/mux4to1.v:3]
WARNING: [Synth 8-567] referenced signal 'in0' should be on the sensitivity list [C:/ECE/ECE3300L/POV/POV.srcs/sources_1/new/mux4to1.v:8]
WARNING: [Synth 8-567] referenced signal 'in1' should be on the sensitivity list [C:/ECE/ECE3300L/POV/POV.srcs/sources_1/new/mux4to1.v:8]
WARNING: [Synth 8-567] referenced signal 'in2' should be on the sensitivity list [C:/ECE/ECE3300L/POV/POV.srcs/sources_1/new/mux4to1.v:8]
WARNING: [Synth 8-567] referenced signal 'in3' should be on the sensitivity list [C:/ECE/ECE3300L/POV/POV.srcs/sources_1/new/mux4to1.v:8]
INFO: [Synth 8-6155] done synthesizing module 'mux4to1' (0#1) [C:/ECE/ECE3300L/POV/POV.srcs/sources_1/new/mux4to1.v:3]
INFO: [Synth 8-6155] done synthesizing module 'Digital_Clock' (0#1) [C:/ECE/ECE3300L/Digital_Clock/Digital_Clock.srcs/sources_1/new/Digital_Clock.v:3]
WARNING: [Synth 8-3848] Net counter_to_mux in module/entity Digital_Clock does not have driver. [C:/ECE/ECE3300L/Digital_Clock/Digital_Clock.srcs/sources_1/new/Digital_Clock.v:19]
WARNING: [Synth 8-3917] design Digital_Clock has port AN[7] driven by constant 1
WARNING: [Synth 8-3917] design Digital_Clock has port AN[6] driven by constant 1
WARNING: [Synth 8-3917] design Digital_Clock has port AN[5] driven by constant 1
WARNING: [Synth 8-3917] design Digital_Clock has port AN[4] driven by constant 1
---------------------------------------------------------------------------------
Finished RTL Elaboration : Time (s): cpu = 00:00:09 ; elapsed = 00:00:13 . Memory (MB): peak = 1433.637 ; gain = 547.430
---------------------------------------------------------------------------------
---------------------------------------------------------------------------------
Start Handling Custom Attributes
---------------------------------------------------------------------------------
---------------------------------------------------------------------------------
Finished Handling Custom Attributes : Time (s): cpu = 00:00:09 ; elapsed = 00:00:13 . Memory (MB): peak = 1433.637 ; gain = 547.430
---------------------------------------------------------------------------------
---------------------------------------------------------------------------------
Finished RTL Optimization Phase 1 : Time (s): cpu = 00:00:09 ; elapsed = 00:00:13 . Memory (MB): peak = 1433.637 ; gain = 547.430
---------------------------------------------------------------------------------
Netlist sorting complete. Time (s): cpu = 00:00:00 ; elapsed = 00:00:00.003 . Memory (MB): peak = 1433.637 ; gain = 0.000
INFO: [Project 1-570] Preparing netlist for logic optimization

Processing XDC Constraints
Initializing timing engine
Parsing XDC File [C:/Users/udoka/OneDrive/Desktop/Nexys-A7-100T-Master_Copy.xdc]
Finished Parsing XDC File [C:/Users/udoka/OneDrive/Desktop/Nexys-A7-100T-Master_Copy.xdc]
INFO: [Project 1-236] Implementation specific constraints were found while reading constraint file [C:/Users/udoka/OneDrive/Desktop/Nexys-A7-100T-Master_Copy.xdc]. These constraints will be ignored for synthesis but will be used in implementation. Impacted constraints are listed in the file [.Xil/Digital_Clock_propImpl.xdc].
Resolution: To avoid this warning, move constraints listed in [.Xil/Digital_Clock_propImpl.xdc] to another XDC file and exclude this new file from synthesis with the used_in_synthesis property (File Properties dialog in GUI) and re-run elaboration/synthesis.
Completed Processing XDC Constraints

Netlist sorting complete. Time (s): cpu = 00:00:00 ; elapsed = 00:00:00 . Memory (MB): peak = 1525.570 ; gain = 0.000
INFO: [Project 1-111] Unisim Transformation Summary:
No Unisim elements were transformed.

The system cannot find the path specified.
Constraint Validation Runtime : Time (s): cpu = 00:00:00 ; elapsed = 00:00:00.004 . Memory (MB): peak = 1525.570 ; gain = 0.000
INFO: [Designutils 20-5440] No compile time benefit to using incremental synthesis; A full resynthesis will be run
INFO: [Designutils 20-4379] Flow is switching to default flow due to incremental criteria not met. If you would like to alter this behaviour and have the flow terminate instead, please set the following parameter config_implementation {autoIncr.Synth.RejectBehavior Terminate}
---------------------------------------------------------------------------------
Finished Constraint Validation : Time (s): cpu = 00:00:18 ; elapsed = 00:00:26 . Memory (MB): peak = 1525.570 ; gain = 639.363
---------------------------------------------------------------------------------
---------------------------------------------------------------------------------
Start Loading Part and Timing Information
---------------------------------------------------------------------------------
Loading part: xc7a100tcsg324-1
---------------------------------------------------------------------------------
Finished Loading Part and Timing Information : Time (s): cpu = 00:00:18 ; elapsed = 00:00:26 . Memory (MB): peak = 1525.570 ; gain = 639.363
---------------------------------------------------------------------------------
---------------------------------------------------------------------------------
Start Applying 'set_property' XDC Constraints
---------------------------------------------------------------------------------
---------------------------------------------------------------------------------
Finished applying 'set_property' XDC Constraints : Time (s): cpu = 00:00:18 ; elapsed = 00:00:26 . Memory (MB): peak = 1525.570 ; gain = 639.363
---------------------------------------------------------------------------------
---------------------------------------------------------------------------------
Finished RTL Optimization Phase 2 : Time (s): cpu = 00:00:18 ; elapsed = 00:00:26 . Memory (MB): peak = 1525.570 ; gain = 639.363
---------------------------------------------------------------------------------
---------------------------------------------------------------------------------
Start RTL Component Statistics 
---------------------------------------------------------------------------------
Detailed RTL Component Info : 
+---Adders : 
	   2 Input   27 Bit       Adders := 2     
	   2 Input    6 Bit       Adders := 2     
	   2 Input    2 Bit       Adders := 1     
+---Registers : 
	                6 Bit    Registers := 2     
	                2 Bit    Registers := 1     
	                1 Bit    Registers := 2     
+---Muxes : 
	   4 Input    7 Bit        Muxes := 1     
	   2 Input    6 Bit        Muxes := 1     
	   2 Input    4 Bit        Muxes := 1     
	   4 Input    4 Bit        Muxes := 1     
	   2 Input    1 Bit        Muxes := 6     
---------------------------------------------------------------------------------
Finished RTL Component Statistics 
---------------------------------------------------------------------------------
---------------------------------------------------------------------------------
Start Part Resource Summary
---------------------------------------------------------------------------------
Part Resources:
DSPs: 240 (col length:80)
BRAMs: 270 (col length: RAMB18 80 RAMB36 40)
---------------------------------------------------------------------------------
Finished Part Resource Summary
---------------------------------------------------------------------------------
---------------------------------------------------------------------------------
Start Cross Boundary and Area Optimization
---------------------------------------------------------------------------------
WARNING: [Synth 8-7080] Parallel synthesis criteria is not met
WARNING: [Synth 8-3917] design Digital_Clock has port AN[7] driven by constant 1
WARNING: [Synth 8-3917] design Digital_Clock has port AN[6] driven by constant 1
WARNING: [Synth 8-3917] design Digital_Clock has port AN[5] driven by constant 1
WARNING: [Synth 8-3917] design Digital_Clock has port AN[4] driven by constant 1
---------------------------------------------------------------------------------
Finished Cross Boundary and Area Optimization : Time (s): cpu = 00:00:22 ; elapsed = 00:00:33 . Memory (MB): peak = 1525.570 ; gain = 639.363
---------------------------------------------------------------------------------
---------------------------------------------------------------------------------
Start Applying XDC Timing Constraints
---------------------------------------------------------------------------------
---------------------------------------------------------------------------------
Finished Applying XDC Timing Constraints : Time (s): cpu = 00:00:30 ; elapsed = 00:00:41 . Memory (MB): peak = 1525.570 ; gain = 639.363
---------------------------------------------------------------------------------
---------------------------------------------------------------------------------
Start Timing Optimization
---------------------------------------------------------------------------------
---------------------------------------------------------------------------------
Finished Timing Optimization : Time (s): cpu = 00:00:30 ; elapsed = 00:00:41 . Memory (MB): peak = 1525.570 ; gain = 639.363
---------------------------------------------------------------------------------
---------------------------------------------------------------------------------
Start Technology Mapping
---------------------------------------------------------------------------------
---------------------------------------------------------------------------------
Finished Technology Mapping : Time (s): cpu = 00:00:30 ; elapsed = 00:00:41 . Memory (MB): peak = 1525.570 ; gain = 639.363
---------------------------------------------------------------------------------
---------------------------------------------------------------------------------
Start IO Insertion
---------------------------------------------------------------------------------
---------------------------------------------------------------------------------
Start Flattening Before IO Insertion
---------------------------------------------------------------------------------
---------------------------------------------------------------------------------
Finished Flattening Before IO Insertion
---------------------------------------------------------------------------------
---------------------------------------------------------------------------------
Start Final Netlist Cleanup
---------------------------------------------------------------------------------
---------------------------------------------------------------------------------
Finished Final Netlist Cleanup
---------------------------------------------------------------------------------
---------------------------------------------------------------------------------
Finished IO Insertion : Time (s): cpu = 00:00:37 ; elapsed = 00:00:49 . Memory (MB): peak = 1525.570 ; gain = 639.363
---------------------------------------------------------------------------------
---------------------------------------------------------------------------------
Start Renaming Generated Instances
---------------------------------------------------------------------------------
---------------------------------------------------------------------------------
Finished Renaming Generated Instances : Time (s): cpu = 00:00:37 ; elapsed = 00:00:49 . Memory (MB): peak = 1525.570 ; gain = 639.363
---------------------------------------------------------------------------------
---------------------------------------------------------------------------------
Start Rebuilding User Hierarchy
---------------------------------------------------------------------------------
---------------------------------------------------------------------------------
Finished Rebuilding User Hierarchy : Time (s): cpu = 00:00:37 ; elapsed = 00:00:49 . Memory (MB): peak = 1525.570 ; gain = 639.363
---------------------------------------------------------------------------------
---------------------------------------------------------------------------------
Start Renaming Generated Ports
---------------------------------------------------------------------------------
---------------------------------------------------------------------------------
Finished Renaming Generated Ports : Time (s): cpu = 00:00:37 ; elapsed = 00:00:49 . Memory (MB): peak = 1525.570 ; gain = 639.363
---------------------------------------------------------------------------------
---------------------------------------------------------------------------------
Start Handling Custom Attributes
---------------------------------------------------------------------------------
---------------------------------------------------------------------------------
Finished Handling Custom Attributes : Time (s): cpu = 00:00:37 ; elapsed = 00:00:49 . Memory (MB): peak = 1525.570 ; gain = 639.363
---------------------------------------------------------------------------------
---------------------------------------------------------------------------------
Start Renaming Generated Nets
---------------------------------------------------------------------------------
---------------------------------------------------------------------------------
Finished Renaming Generated Nets : Time (s): cpu = 00:00:37 ; elapsed = 00:00:49 . Memory (MB): peak = 1525.570 ; gain = 639.363
---------------------------------------------------------------------------------
---------------------------------------------------------------------------------
Start Writing Synthesis Report
---------------------------------------------------------------------------------

Report BlackBoxes: 
+-+--------------+----------+
| |BlackBox name |Instances |
+-+--------------+----------+
+-+--------------+----------+

Report Cell Usage: 
+------+-------+------+
|      |Cell   |Count |
+------+-------+------+
|1     |BUFG   |     1|
|2     |CARRY4 |    28|
|3     |LUT1   |     4|
|4     |LUT2   |     8|
|5     |LUT3   |     7|
|6     |LUT4   |    11|
|7     |LUT5   |    15|
|8     |LUT6   |    35|
|9     |MUXF7  |     9|
|10    |MUXF8  |     4|
|11    |FDCE   |    14|
|12    |FDRE   |    56|
|13    |IBUF   |     2|
|14    |OBUF   |    15|
+------+-------+------+
---------------------------------------------------------------------------------
Finished Writing Synthesis Report : Time (s): cpu = 00:00:37 ; elapsed = 00:00:49 . Memory (MB): peak = 1525.570 ; gain = 639.363
---------------------------------------------------------------------------------
Synthesis finished with 0 errors, 0 critical warnings and 5 warnings.
Synthesis Optimization Runtime : Time (s): cpu = 00:00:26 ; elapsed = 00:00:46 . Memory (MB): peak = 1525.570 ; gain = 547.430
Synthesis Optimization Complete : Time (s): cpu = 00:00:37 ; elapsed = 00:00:49 . Memory (MB): peak = 1525.570 ; gain = 639.363
INFO: [Project 1-571] Translating synthesized netlist
Netlist sorting complete. Time (s): cpu = 00:00:00 ; elapsed = 00:00:00.005 . Memory (MB): peak = 1525.570 ; gain = 0.000
INFO: [Netlist 29-17] Analyzing 41 Unisim elements for replacement
INFO: [Netlist 29-28] Unisim Transformation completed in 0 CPU seconds
INFO: [Project 1-570] Preparing netlist for logic optimization
INFO: [Opt 31-138] Pushed 0 inverter(s) to 0 load pin(s).
Netlist sorting complete. Time (s): cpu = 00:00:00 ; elapsed = 00:00:00.001 . Memory (MB): peak = 1525.570 ; gain = 0.000
INFO: [Project 1-111] Unisim Transformation Summary:
No Unisim elements were transformed.

The system cannot find the path specified.
Synth Design complete | Checksum: b6ab92ed
INFO: [Common 17-83] Releasing license: Synthesis
39 Infos, 22 Warnings, 0 Critical Warnings and 0 Errors encountered.
synth_design completed successfully
synth_design: Time (s): cpu = 00:00:42 ; elapsed = 00:00:58 . Memory (MB): peak = 1525.570 ; gain = 1049.469
Write ShapeDB Complete: Time (s): cpu = 00:00:00 ; elapsed = 00:00:00.003 . Memory (MB): peak = 1525.570 ; gain = 0.000
INFO: [Common 17-1381] The checkpoint 'C:/ECE/ECE3300L/Digital_Clock/Digital_Clock.runs/synth_1/Digital_Clock.dcp' has been generated.
INFO: [runtcl-4] Executing : report_utilization -file Digital_Clock_utilization_synth.rpt -pb Digital_Clock_utilization_synth.pb
INFO: [Common 17-206] Exiting Vivado at Wed Mar  6 14:19:01 2024...
